<?xml version="1.0" encoding="UTF-8"?>
<!-- Generated by org.testng.reporters.JUnitReportReporter -->
<testsuite hostname="MSI" failures="0" tests="3" name="myClass" time="26.049" errors="0" timestamp="2024-02-18T14:18:43 GMT+03:00" skipped="0">
  <testcase classname="myClass" name="Test1" time="9.786"/>
  <testcase classname="myClass" name="Test2" time="9.811"/>
  <testcase classname="myClass" name="Test3" time="6.452"/>
</testsuite> <!-- myClass -->
